<?xml version="1.0" encoding="UTF-8"?>
<!-- Generated by org.testng.reporters.JUnitXMLReporter -->
<testsuite ignored="0" hostname="DESKTOP-84TE32L" failures="0" tests="3" name="Default test" time="48.161" errors="0" timestamp="2020-01-25T08:10:16 CST">
  <testcase classname="com.half.testcases.SigninPageTest" name="multipleLogin" time="2.815"/>
  <testcase classname="com.half.testcases.SigninPageTest" name="multipleLogin" time="2.608"/>
  <testcase classname="com.half.testcases.SigninPageTest" name="multipleLogin" time="2.684"/>
</testsuite> <!-- Default test -->
