<?xml version="1.0" encoding="UTF-8"?>
<!-- Generated by org.testng.reporters.JUnitXMLReporter -->
<testsuite ignored="3" hostname="DESKTOP-84TE32L" failures="0" tests="1" name="Smoke Test" time="17.348" errors="0" timestamp="2020-01-25T04:25:18 CST">
  <testcase classname="com.half.testcases.SigninPageTest" name="signinTest" time="2.614"/>
  <testcase classname="com.half.testcases.SigninPageTest" name="negativeLogin" time="0.0">
    <ignored/>
  </testcase> <!-- negativeLogin -->
  <testcase classname="com.half.testcases.LeaveListPageTest" name="leaveLabelValidation" time="0.0">
    <ignored/>
  </testcase> <!-- leaveLabelValidation -->
  <testcase classname="com.half.testcases.LeaveListPageTest" name="leaveLabelValidation1" time="0.0">
    <ignored/>
  </testcase> <!-- leaveLabelValidation1 -->
</testsuite> <!-- Smoke Test -->
