<?xml version="1.0" encoding="UTF-8"?>
<!-- Generated by org.testng.reporters.JUnitXMLReporter -->
<testsuite ignored="1" hostname="DESKTOP-84TE32L" failures="0" tests="3" name="Regression Test" time="52.019" errors="0" timestamp="2020-01-25T04:26:45 CST">
  <testcase classname="com.half.testcases.LeaveListPageTest" name="leaveLabelValidation" time="6.631"/>
  <testcase classname="com.half.testcases.LeaveListPageTest" name="leaveLabelValidation1" time="4.595"/>
  <testcase classname="com.half.testcases.SigninPageTest" name="negativeLogin" time="0.933"/>
  <testcase classname="com.half.testcases.SigninPageTest" name="signinTest" time="0.0">
    <ignored/>
  </testcase> <!-- signinTest -->
</testsuite> <!-- Regression Test -->
