<?xml version="1.0" encoding="UTF-8"?>
<testng-results ignored="0" total="3" passed="3" failed="0" skipped="0">
  <reporter-output>
  </reporter-output>
  <suite started-at="2020-01-25T08:09:28 CST" name="Default suite" finished-at="2020-01-25T08:10:16 CST" duration-ms="48161">
    <groups>
    </groups>
    <test started-at="2020-01-25T08:09:28 CST" name="Default test" finished-at="2020-01-25T08:10:16 CST" duration-ms="48161">
      <class name="com.half.testcases.SigninPageTest">
        <test-method is-config="true" signature="setUp()[pri:0, instance:com.half.testcases.SigninPageTest@29176cc1]" started-at="2020-01-25T08:09:29 CST" name="setUp" finished-at="2020-01-25T08:09:43 CST" duration-ms="13958" status="PASS">
          <reporter-output>
          </reporter-output>
        </test-method> <!-- setUp -->
        <test-method signature="multipleLogin(java.lang.String, java.lang.String)[pri:0, instance:com.half.testcases.SigninPageTest@29176cc1]" started-at="2020-01-25T08:09:43 CST" name="multipleLogin" data-provider="getData" finished-at="2020-01-25T08:09:46 CST" duration-ms="2815" status="PASS">
          <params>
            <param index="0">
              <value>
                <![CDATA[Admin]]>
              </value>
            </param>
            <param index="1">
              <value>
                <![CDATA[Syntax@123]]>
              </value>
            </param>
          </params>
          <reporter-output>
          </reporter-output>
        </test-method> <!-- multipleLogin -->
        <test-method is-config="true" signature="tearDown()[pri:0, instance:com.half.testcases.SigninPageTest@29176cc1]" started-at="2020-01-25T08:09:46 CST" name="tearDown" finished-at="2020-01-25T08:09:47 CST" duration-ms="1284" status="PASS">
          <reporter-output>
          </reporter-output>
        </test-method> <!-- tearDown -->
        <test-method is-config="true" signature="setUp()[pri:0, instance:com.half.testcases.SigninPageTest@29176cc1]" started-at="2020-01-25T08:09:47 CST" name="setUp" finished-at="2020-01-25T08:09:58 CST" duration-ms="10955" status="PASS">
          <reporter-output>
          </reporter-output>
        </test-method> <!-- setUp -->
        <test-method signature="multipleLogin(java.lang.String, java.lang.String)[pri:0, instance:com.half.testcases.SigninPageTest@29176cc1]" started-at="2020-01-25T08:09:58 CST" name="multipleLogin" data-provider="getData" finished-at="2020-01-25T08:10:01 CST" duration-ms="2608" status="PASS">
          <params>
            <param index="0">
              <value>
                <![CDATA[SyntaxUser]]>
              </value>
            </param>
            <param index="1">
              <value>
                <![CDATA[Syntax@123]]>
              </value>
            </param>
          </params>
          <reporter-output>
          </reporter-output>
        </test-method> <!-- multipleLogin -->
        <test-method is-config="true" signature="tearDown()[pri:0, instance:com.half.testcases.SigninPageTest@29176cc1]" started-at="2020-01-25T08:10:01 CST" name="tearDown" finished-at="2020-01-25T08:10:02 CST" duration-ms="803" status="PASS">
          <reporter-output>
          </reporter-output>
        </test-method> <!-- tearDown -->
        <test-method is-config="true" signature="setUp()[pri:0, instance:com.half.testcases.SigninPageTest@29176cc1]" started-at="2020-01-25T08:10:02 CST" name="setUp" finished-at="2020-01-25T08:10:13 CST" duration-ms="10982" status="PASS">
          <reporter-output>
          </reporter-output>
        </test-method> <!-- setUp -->
        <test-method signature="multipleLogin(java.lang.String, java.lang.String)[pri:0, instance:com.half.testcases.SigninPageTest@29176cc1]" started-at="2020-01-25T08:10:13 CST" name="multipleLogin" data-provider="getData" finished-at="2020-01-25T08:10:15 CST" duration-ms="2684" status="PASS">
          <params>
            <param index="0">
              <value>
                <![CDATA[SyntaxStudent]]>
              </value>
            </param>
            <param index="1">
              <value>
                <![CDATA[Syntax@123]]>
              </value>
            </param>
          </params>
          <reporter-output>
          </reporter-output>
        </test-method> <!-- multipleLogin -->
        <test-method is-config="true" signature="tearDown()[pri:0, instance:com.half.testcases.SigninPageTest@29176cc1]" started-at="2020-01-25T08:10:15 CST" name="tearDown" finished-at="2020-01-25T08:10:16 CST" duration-ms="852" status="PASS">
          <reporter-output>
          </reporter-output>
        </test-method> <!-- tearDown -->
      </class> <!-- com.half.testcases.SigninPageTest -->
    </test> <!-- Default test -->
  </suite> <!-- Default suite -->
</testng-results>
